GROUP,PACKAGE,CLASS,INSTRUCTION_MISSED,INSTRUCTION_COVERED,BRANCH_MISSED,BRANCH_COVERED,LINE_MISSED,LINE_COVERED,COMPLEXITY_MISSED,COMPLEXITY_COVERED,METHOD_MISSED,METHOD_COVERED
DependabilityProject,org.example,Teacher,0,36,0,0,0,12,0,7,0,7
DependabilityProject,org.example,SchoolController,14,20,0,0,3,6,3,4,3,4
DependabilityProject,org.example,SchoolService,76,0,6,0,15,0,10,0,7,0
DependabilityProject,org.example,Student,0,36,0,0,0,13,0,7,0,7
DependabilityProject,org.example,DependabilityProjectApplication,5,3,0,0,2,1,1,1,1,1
